<?xml version="1.0" encoding="utf-8"?><testsuites name="pytest tests"><testsuite name="pytest" errors="0" failures="0" skipped="0" tests="15" time="1.798" timestamp="2026-01-29T10:50:14.989175+00:00" hostname="agent-env-6cbd2617-e4e4-4802-8cc9-f1cb16797cc6"><testcase classname="backend.tests.test_api_endpoints.TestHealthAndWeather" name="test_weather_endpoint" time="0.064" /><testcase classname="backend.tests.test_api_endpoints.TestHealthAndWeather" name="test_waves_endpoint" time="0.041" /><testcase classname="backend.tests.test_api_endpoints.TestHealthAndWeather" name="test_tides_endpoint" time="0.592" /><testcase classname="backend.tests.test_api_endpoints.TestProducts" name="test_get_products" time="0.051" /><testcase classname="backend.tests.test_api_endpoints.TestProducts" name="test_create_and_delete_product" time="0.086" /><testcase classname="backend.tests.test_api_endpoints.TestSurfboards" name="test_get_surfboards" time="0.044" /><testcase classname="backend.tests.test_api_endpoints.TestSurfboards" name="test_create_and_delete_surfboard" time="0.076" /><testcase classname="backend.tests.test_api_endpoints.TestAuthentication" name="test_login_success" time="0.037" /><testcase classname="backend.tests.test_api_endpoints.TestAuthentication" name="test_login_invalid_credentials" time="0.076" /><testcase classname="backend.tests.test_api_endpoints.TestRentals" name="test_get_active_rentals" time="0.046" /><testcase classname="backend.tests.test_api_endpoints.TestRentals" name="test_get_rental_history" time="0.040" /><testcase classname="backend.tests.test_api_endpoints.TestRentals" name="test_rental_flow" time="0.275" /><testcase classname="backend.tests.test_api_endpoints.TestGallery" name="test_get_gallery" time="0.034" /><testcase classname="backend.tests.test_api_endpoints.TestSettings" name="test_get_settings" time="0.033" /><testcase classname="backend.tests.test_api_endpoints.TestNews" name="test_get_news" time="0.165" /></testsuite></testsuites>